
=======================
🚀 Networq Nexus API
🌐 PORT : 5000
🔌 Socket.io : Ready
✅ All Routes : Loaded
=======================

✅ MongoDB Connected
[0mOPTIONS /api/notifications [32m204[0m 0.565 ms - 0[0m
[0mGET /api/notifications [36m304[0m 152.783 ms - -[0m
[0mOPTIONS /api/auth/me [32m204[0m 0.137 ms - 0[0m
[0mOPTIONS /api/auth/me [32m204[0m 0.140 ms - 0[0m
[0mGET /api/auth/me [32m200[0m 27.828 ms - -[0m
[0mGET /api/auth/me [36m304[0m 27.320 ms - -[0m
[0mOPTIONS /api/profile/stats [32m204[0m 0.089 ms - 0[0m
[0mOPTIONS /api/organizations/mine [32m204[0m 0.123 ms - 0[0m
[0mOPTIONS /api/network/suggestions [32m204[0m 0.093 ms - 0[0m
[0mOPTIONS /api/posts/trending [32m204[0m 0.062 ms - 0[0m
[0mOPTIONS /api/analytics [32m204[0m 0.044 ms - 0[0m
[0mOPTIONS /api/posts/my [32m204[0m 0.043 ms - 0[0m
[0mOPTIONS /api/profile/stats [32m204[0m 0.070 ms - 0[0m
[0mOPTIONS /api/organizations/mine [32m204[0m 0.032 ms - 0[0m
[0mOPTIONS /api/network/suggestions [32m204[0m 0.029 ms - 0[0m
[0mOPTIONS /api/posts/trending [32m204[0m 0.045 ms - 0[0m
[0mOPTIONS /api/analytics [32m204[0m 0.083 ms - 0[0m
[0mOPTIONS /api/posts/my [32m204[0m 0.136 ms - 0[0m
[0mGET /api/posts/trending [36m304[0m 23.504 ms - -[0m
[0mGET /api/notifications [36m304[0m 76.505 ms - -[0m
[0mGET /api/profile/stats [31m500[0m 71.136 ms - 42[0m
[0mGET /api/analytics [32m200[0m 73.483 ms - 162[0m
[0mGET /api/posts/trending [36m304[0m 23.142 ms - -[0m
[0mGET /api/network/suggestions [36m304[0m 133.535 ms - -[0m
[0mGET /api/profile/stats [31m500[0m 69.318 ms - 42[0m
[0mGET /api/analytics [36m304[0m 65.368 ms - -[0m
[0mGET /api/posts/my [36m304[0m 143.300 ms - -[0m
[0mGET /api/network/suggestions [36m304[0m 56.475 ms - -[0m
[0mGET /api/organizations/mine [36m304[0m 198.104 ms - -[0m
[0mGET /api/notifications [36m304[0m 146.026 ms - -[0m
[0mGET /api/posts/my [36m304[0m 55.205 ms - -[0m
[0mGET /api/profile/stats [31m500[0m 77.468 ms - 42[0m
[0mGET /api/organizations/mine [36m304[0m 77.520 ms - -[0m
[0mGET /api/organizations/mine [36m304[0m 150.574 ms - -[0m
[0mOPTIONS /api/notifications [32m204[0m 0.102 ms - 0[0m
[0mGET /api/notifications [36m304[0m 140.128 ms - -[0m
[0mOPTIONS /api/notifications [32m204[0m 0.116 ms - 0[0m
[0mGET /api/notifications [36m304[0m 139.180 ms - -[0m
[0mOPTIONS /api/notifications [32m204[0m 0.079 ms - 0[0m
[0mGET /api/notifications [36m304[0m 134.708 ms - -[0m
[0mOPTIONS /api/notifications [32m204[0m 0.106 ms - 0[0m
[0mOPTIONS /api/posts/trending [32m204[0m 0.087 ms - 0[0m
[0mGET /api/posts/trending [36m304[0m 24.403 ms - -[0m
[0mGET /api/notifications [36m304[0m 140.128 ms - -[0m
[0mOPTIONS /api/notifications [32m204[0m 0.052 ms - 0[0m
[0mGET /api/notifications [36m304[0m 138.092 ms - -[0m
[0mOPTIONS /api/notifications [32m204[0m 0.082 ms - 0[0m
[0mGET /api/notifications [36m304[0m 134.234 ms - -[0m
[0mOPTIONS /api/notifications [32m204[0m 0.087 ms - 0[0m
[0mGET /api/notifications [36m304[0m 135.325 ms - -[0m
[0mOPTIONS /api/notifications [32m204[0m 0.061 ms - 0[0m
[0mOPTIONS /api/profile/stats [32m204[0m 0.083 ms - 0[0m
[0mOPTIONS /api/organizations/mine [32m204[0m 0.049 ms - 0[0m
[0mOPTIONS /api/network/suggestions [32m204[0m 0.021 ms - 0[0m
[0mOPTIONS /api/posts/trending [32m204[0m 0.028 ms - 0[0m
[0mOPTIONS /api/organizations/tushar-inc-pvt-ltd [32m204[0m 0.026 ms - 0[0m
[0mOPTIONS /api/notifications [32m204[0m 0.020 ms - 0[0m
[0mOPTIONS /api/profile/stats [32m204[0m 0.018 ms - 0[0m
[0mOPTIONS /api/organizations/mine [32m204[0m 0.027 ms - 0[0m
[0mOPTIONS /api/network/suggestions [32m204[0m 0.020 ms - 0[0m
[0mOPTIONS /api/posts/trending [32m204[0m 0.051 ms - 0[0m
[0mOPTIONS /api/organizations/tushar-inc-pvt-ltd [32m204[0m 0.037 ms - 0[0m
[0mGET /api/posts/trending [36m304[0m 23.603 ms - -[0m
[0mGET /api/posts/trending [36m304[0m 22.622 ms - -[0m
[0mGET /api/profile/stats [31m500[0m 75.882 ms - 42[0m
[0mGET /api/network/suggestions [36m304[0m 133.628 ms - -[0m
[0mGET /api/notifications [36m304[0m 144.986 ms - -[0m
[0mGET /api/profile/stats [31m500[0m 70.854 ms - 42[0m
[0mGET /api/organizations/tushar-inc-pvt-ltd [32m200[0m 179.640 ms - -[0m
[0mOPTIONS /api/organizations/6a3d5d2897c39d0867c2c395/invites [32m204[0m 0.101 ms - 0[0m
[0mGET /api/organizations/mine [36m304[0m 209.423 ms - -[0m
[0mGET /api/network/suggestions [36m304[0m 70.769 ms - -[0m
[0mGET /api/organizations/6a3d5d2897c39d0867c2c395/invites [36m304[0m 44.599 ms - -[0m
[0mGET /api/organizations/mine [36m304[0m 69.093 ms - -[0m
[0mGET /api/notifications [36m304[0m 137.995 ms - -[0m
[0mGET /api/organizations/tushar-inc-pvt-ltd [36m304[0m 100.317 ms - -[0m
[0mGET /api/organizations/6a3d5d2897c39d0867c2c395/invites [36m304[0m 43.799 ms - -[0m
[0mOPTIONS /api/notifications [32m204[0m 0.068 ms - 0[0m
[0mOPTIONS /api/profile/stats [32m204[0m 0.032 ms - 0[0m
[0mOPTIONS /api/organizations/mine [32m204[0m 0.041 ms - 0[0m
[0mOPTIONS /api/network/suggestions [32m204[0m 0.069 ms - 0[0m
[0mOPTIONS /api/posts/trending [32m204[0m 0.045 ms - 0[0m
[0mOPTIONS /api/organizations/tushar-inc-pvt-ltd [32m204[0m 0.051 ms - 0[0m
[0mOPTIONS /api/notifications [32m204[0m 0.033 ms - 0[0m
[0mOPTIONS /api/profile/stats [32m204[0m 0.043 ms - 0[0m
[0mOPTIONS /api/organizations/mine [32m204[0m 0.022 ms - 0[0m
[0mOPTIONS /api/network/suggestions [32m204[0m 0.019 ms - 0[0m
[0mOPTIONS /api/posts/trending [32m204[0m 0.047 ms - 0[0m
[0mOPTIONS /api/organizations/tushar-inc-pvt-ltd [32m204[0m 0.025 ms - 0[0m
[0mGET /api/posts/trending [36m304[0m 23.039 ms - -[0m
[0mGET /api/posts/trending [36m304[0m 24.505 ms - -[0m
[0mGET /api/profile/stats [31m500[0m 80.677 ms - 42[0m
[0mGET /api/notifications [36m304[0m 138.555 ms - -[0m
[0mGET /api/profile/stats [31m500[0m 69.824 ms - 42[0m
[0mGET /api/network/suggestions [36m304[0m 155.121 ms - -[0m
[0mGET /api/organizations/mine [36m304[0m 160.018 ms - -[0m
[0mGET /api/organizations/tushar-inc-pvt-ltd [36m304[0m 187.716 ms - -[0m
[0mGET /api/notifications [36m304[0m 74.058 ms - -[0m
[0mGET /api/network/suggestions [36m304[0m 66.708 ms - -[0m
[0mGET /api/organizations/mine [36m304[0m 69.471 ms - -[0m
[0mGET /api/organizations/tushar-inc-pvt-ltd [36m304[0m 93.132 ms - -[0m
[0mOPTIONS /api/organizations/6a3d5d2897c39d0867c2c395 [32m204[0m 0.080 ms - 0[0m
[0mDELETE /api/organizations/6a3d5d2897c39d0867c2c395 [32m200[0m 53.551 ms - 49[0m
[0mOPTIONS /api/notifications [32m204[0m 0.051 ms - 0[0m
[0mOPTIONS /api/profile/stats [32m204[0m 0.047 ms - 0[0m
[0mOPTIONS /api/organizations/mine [32m204[0m 0.032 ms - 0[0m
[0mOPTIONS /api/network/suggestions [32m204[0m 0.024 ms - 0[0m
[0mOPTIONS /api/posts/trending [32m204[0m 0.031 ms - 0[0m
[0mOPTIONS /api/posts?page=1 [32m204[0m 0.054 ms - 0[0m
[0mOPTIONS /api/posts/saved [32m204[0m 0.031 ms - 0[0m
[0mOPTIONS /api/notifications [32m204[0m 0.024 ms - 0[0m
[0mOPTIONS /api/profile/stats [32m204[0m 0.030 ms - 0[0m
[0mOPTIONS /api/organizations/mine [32m204[0m 0.024 ms - 0[0m
[0mOPTIONS /api/network/suggestions [32m204[0m 0.018 ms - 0[0m
[0mOPTIONS /api/posts/trending [32m204[0m 0.017 ms - 0[0m
[0mOPTIONS /api/posts?page=1 [32m204[0m 0.031 ms - 0[0m
[0mOPTIONS /api/posts/saved [32m204[0m 0.022 ms - 0[0m
[0mGET /api/posts/trending [36m304[0m 23.317 ms - -[0m
[0mGET /api/profile/stats [31m500[0m 82.966 ms - 42[0m
[0mGET /api/posts/trending [36m304[0m 28.572 ms - -[0m
[0mGET /api/notifications [36m304[0m 142.550 ms - -[0m
[0mGET /api/posts/saved [36m304[0m 121.417 ms - -[0m
[0mGET /api/network/suggestions [36m304[0m 154.193 ms - -[0m
[0mGET /api/organizations/mine [32m200[0m 165.894 ms - -[0m
[0mGET /api/posts/saved [36m304[0m 27.030 ms - -[0m
[0mGET /api/profile/stats [31m500[0m 69.865 ms - 42[0m
[0mGET /api/notifications [36m304[0m 69.667 ms - -[0m
[0mGET /api/network/suggestions [36m304[0m 87.181 ms - -[0m
[0mGET /api/organizations/mine [36m304[0m 152.370 ms - -[0m
[0mGET /api/posts?page=1 [36m304[0m 455.875 ms - -[0m
[0mGET /api/posts?page=1 [36m304[0m 262.958 ms - -[0m
[0mOPTIONS /api/organizations/sakshi-org [32m204[0m 0.310 ms - 0[0m
[0mOPTIONS /api/organizations/sakshi-org [32m204[0m 0.070 ms - 0[0m
[0mGET /api/posts/trending [36m304[0m 23.237 ms - -[0m
[0mGET /api/posts/trending [36m304[0m 22.409 ms - -[0m
[0mGET /api/profile/stats [31m500[0m 66.907 ms - 42[0m
[0mGET /api/notifications [36m304[0m 133.619 ms - -[0m
[0mGET /api/network/suggestions [36m304[0m 131.236 ms - -[0m
[0mGET /api/profile/stats [31m500[0m 67.646 ms - 42[0m
[0mGET /api/organizations/mine [36m304[0m 149.910 ms - -[0m
[0mGET /api/network/suggestions [36m304[0m 52.241 ms - -[0m
[0mGET /api/organizations/mine [36m304[0m 69.796 ms - -[0m
[0mGET /api/notifications [36m304[0m 161.345 ms - -[0m
[0mGET /api/organizations/sakshi-org [32m200[0m 276.477 ms - -[0m
[0mGET /api/organizations/sakshi-org [36m304[0m 448.581 ms - -[0m
[0mOPTIONS /api/organizations/6a3d5b318e16379c8de0cc34/follow [32m204[0m 0.059 ms - 0[0m
[0mPUT /api/organizations/6a3d5b318e16379c8de0cc34/follow [32m200[0m 219.264 ms - 52[0m
[0mOPTIONS /api/profile/sakshi123 [32m204[0m 0.067 ms - 0[0m
[0mOPTIONS /api/profile/sakshi123 [32m204[0m 0.053 ms - 0[0m
[0mOPTIONS /api/organizations/mine [32m204[0m 0.038 ms - 0[0m
[0mOPTIONS /api/profile/stats [32m204[0m 0.033 ms - 0[0m
[0mOPTIONS /api/organizations/mine [32m204[0m 0.027 ms - 0[0m
[0mOPTIONS /api/posts/trending [32m204[0m 0.029 ms - 0[0m
[0mOPTIONS /api/notifications [32m204[0m 0.041 ms - 0[0m
[0mOPTIONS /api/network/suggestions [32m204[0m 0.031 ms - 0[0m
[0mOPTIONS /api/posts/trending [32m204[0m 0.031 ms - 0[0m
[0mOPTIONS /api/notifications [32m204[0m 0.028 ms - 0[0m
[0mOPTIONS /api/network/suggestions [32m204[0m 0.059 ms - 0[0m
[0mOPTIONS /api/profile/stats [32m204[0m 0.040 ms - 0[0m
[0mGET /api/posts/trending [36m304[0m 24.061 ms - -[0m
[0mGET /api/posts/trending [36m304[0m 24.692 ms - -[0m
[0mGET /api/profile/stats [31m500[0m 66.076 ms - 42[0m
[0mGET /api/profile/stats [31m500[0m 70.322 ms - 42[0m
[0mGET /api/notifications [36m304[0m 138.398 ms - -[0m
[0mGET /api/organizations/mine [36m304[0m 151.394 ms - -[0m
[0mGET /api/network/suggestions [36m304[0m 151.786 ms - -[0m
[0mGET /api/notifications [36m304[0m 71.889 ms - -[0m
[0mGET /api/network/suggestions [36m304[0m 65.261 ms - -[0m
[0mGET /api/profile/sakshi123 [32m200[0m 270.369 ms - -[0m
[0mGET /api/organizations/mine [36m304[0m 157.710 ms - -[0m
[0mGET /api/profile/sakshi123 [32m200[0m 410.453 ms - -[0m
[0mOPTIONS /api/organizations/sakshi-org [32m204[0m 0.049 ms - 0[0m
[0mOPTIONS /api/organizations/sakshi-org [32m204[0m 0.030 ms - 0[0m
[0mGET /api/posts/trending [36m304[0m 22.809 ms - -[0m
[0mGET /api/posts/trending [36m304[0m 24.508 ms - -[0m
[0mGET /api/profile/stats [31m500[0m 73.574 ms - 42[0m
[0mGET /api/network/suggestions [36m304[0m 131.652 ms - -[0m
[0mGET /api/notifications [36m304[0m 142.325 ms - -[0m
[0mGET /api/profile/stats [31m500[0m 65.904 ms - 42[0m
[0mGET /api/organizations/mine [36m304[0m 156.953 ms - -[0m
[0mGET /api/network/suggestions [36m304[0m 50.615 ms - -[0m
[0mGET /api/organizations/mine [36m304[0m 69.103 ms - -[0m
[0mGET /api/notifications [36m304[0m 140.377 ms - -[0m
[0mGET /api/organizations/sakshi-org [32m200[0m 396.192 ms - -[0m
[0mGET /api/organizations/sakshi-org [36m304[0m 178.476 ms - -[0m
[0mOPTIONS /api/auth/me [32m204[0m 0.133 ms - 0[0m
[0mOPTIONS /api/auth/me [32m204[0m 0.070 ms - 0[0m
[0mGET /api/auth/me [32m200[0m 46.250 ms - -[0m
[0mOPTIONS /api/notifications [32m204[0m 0.050 ms - 0[0m
[0mOPTIONS /api/profile/stats [32m204[0m 0.062 ms - 0[0m
[0mOPTIONS /api/organizations/mine [32m204[0m 0.039 ms - 0[0m
[0mOPTIONS /api/network/suggestions [32m204[0m 0.036 ms - 0[0m
[0mOPTIONS /api/posts/trending [32m204[0m 0.026 ms - 0[0m
[0mOPTIONS /api/organizations/sakshi-org [32m204[0m 0.020 ms - 0[0m
[0mOPTIONS /api/profile/stats [32m204[0m 0.027 ms - 0[0m
[0mOPTIONS /api/organizations/mine [32m204[0m 0.173 ms - 0[0m
[0mOPTIONS /api/network/suggestions [32m204[0m 0.065 ms - 0[0m
[0mOPTIONS /api/posts/trending [32m204[0m 0.046 ms - 0[0m
[0mOPTIONS /api/organizations/sakshi-org [32m204[0m 0.031 ms - 0[0m
[0mGET /api/auth/me [36m304[0m 46.098 ms - -[0m
[0mGET /api/posts/trending [36m304[0m 23.040 ms - -[0m
[0mGET /api/posts/trending [36m304[0m 22.807 ms - -[0m
[0mGET /api/profile/stats [31m500[0m 66.775 ms - 42[0m
[0mGET /api/notifications [36m304[0m 138.941 ms - -[0m
[0mGET /api/network/suggestions [36m304[0m 137.667 ms - -[0m
[0mGET /api/profile/stats [31m500[0m 76.898 ms - 42[0m
[0mGET /api/organizations/mine [36m304[0m 154.214 ms - -[0m
[0mGET /api/network/suggestions [36m304[0m 55.007 ms - -[0m
[0mGET /api/notifications [36m304[0m 74.464 ms - -[0m
[0mGET /api/profile/stats [31m500[0m 75.037 ms - 42[0m
[0mGET /api/organizations/mine [36m304[0m 155.540 ms - -[0m
[0mGET /api/organizations/sakshi-org [36m304[0m 361.956 ms - -[0m
[0mGET /api/organizations/mine [36m304[0m 71.785 ms - -[0m
[0mGET /api/organizations/sakshi-org [36m304[0m 292.006 ms - -[0m
[0mGET /api/auth/me [32m200[0m 46.434 ms - -[0m
[0mGET /api/auth/me [0m-[0m - ms - -[0m
[0mGET /api/notifications [0m-[0m - ms - -[0m
[0mGET /api/auth/me [32m200[0m 45.053 ms - -[0m
[0mGET /api/auth/me [36m304[0m 45.431 ms - -[0m
[0mGET /api/posts/trending [36m304[0m 22.250 ms - -[0m
[0mOPTIONS /api/profile/stats [32m204[0m 0.041 ms - 0[0m
[0mGET /api/posts/trending [36m304[0m 22.576 ms - -[0m
[0mGET /api/profile/stats [31m500[0m 68.723 ms - 42[0m
[0mGET /api/notifications [32m200[0m 70.904 ms - -[0m
[0mGET /api/profile/stats [31m500[0m 71.628 ms - 42[0m
[0mGET /api/network/suggestions [36m304[0m 154.102 ms - -[0m
[0mGET /api/profile/stats [31m500[0m 66.474 ms - 42[0m
[0mGET /api/organizations/mine [36m304[0m 218.908 ms - -[0m
[0mGET /api/network/suggestions [36m304[0m 70.406 ms - -[0m
[0mGET /api/organizations/mine [0m-[0m - ms - -[0m
[0mGET /api/organizations/mine [0m-[0m - ms - -[0m
[0mGET /api/notifications [0m-[0m - ms - -[0m
[0mGET /api/organizations/sakshi-org [0m-[0m - ms - -[0m
[0mOPTIONS /api/auth/me [32m204[0m 0.084 ms - 0[0m
[0mOPTIONS /api/auth/me [32m204[0m 0.071 ms - 0[0m
[0mGET /api/auth/me [32m200[0m 44.968 ms - -[0m
[0mOPTIONS /api/notifications [32m204[0m 0.074 ms - 0[0m
[0mOPTIONS /api/organizations/mine [32m204[0m 0.059 ms - 0[0m
[0mOPTIONS /api/network/suggestions [32m204[0m 0.063 ms - 0[0m
[0mOPTIONS /api/posts/trending [32m204[0m 0.034 ms - 0[0m
[0mOPTIONS /api/organizations/sakshi-org [32m204[0m 0.023 ms - 0[0m
[0mOPTIONS /api/notifications [32m204[0m 0.028 ms - 0[0m
[0mOPTIONS /api/organizations/mine [32m204[0m 0.029 ms - 0[0m
[0mOPTIONS /api/network/suggestions [32m204[0m 0.028 ms - 0[0m
[0mOPTIONS /api/posts/trending [32m204[0m 0.035 ms - 0[0m
[0mOPTIONS /api/organizations/sakshi-org [32m204[0m 0.042 ms - 0[0m
[0mGET /api/auth/me [36m304[0m 46.526 ms - -[0m
[0mGET /api/posts/trending [36m304[0m 22.748 ms - -[0m
[0mGET /api/posts/trending [36m304[0m 21.811 ms - -[0m
[0mGET /api/profile/stats [31m500[0m 66.437 ms - 42[0m
[0mGET /api/notifications [32m200[0m 72.941 ms - -[0m
[0mGET /api/profile/stats [31m500[0m 67.556 ms - 42[0m
[0mGET /api/network/suggestions [36m304[0m 136.717 ms - -[0m
[0mGET /api/organizations/mine [32m200[0m 144.214 ms - -[0m
[0mGET /api/notifications [36m304[0m 73.152 ms - -[0m
[0mGET /api/network/suggestions [36m304[0m 50.257 ms - -[0m
[0mGET /api/profile/stats [31m500[0m 65.533 ms - 42[0m
[0mGET /api/organizations/mine [36m304[0m 69.430 ms - -[0m
[0mGET /api/organizations/mine [36m304[0m 106.781 ms - -[0m
[0mGET /api/organizations/sakshi-org [32m200[0m 440.894 ms - -[0m
[0mGET /api/organizations/sakshi-org [36m304[0m 568.432 ms - -[0m
[0mOPTIONS /api/notifications [32m204[0m 0.054 ms - 0[0m
[0mOPTIONS /api/profile/stats [32m204[0m 0.037 ms - 0[0m
[0mOPTIONS /api/organizations/mine [32m204[0m 0.022 ms - 0[0m
[0mOPTIONS /api/network/suggestions [32m204[0m 0.017 ms - 0[0m
[0mOPTIONS /api/posts/trending [32m204[0m 0.019 ms - 0[0m
[0mOPTIONS /api/jobs? [32m204[0m 0.037 ms - 0[0m
[0mOPTIONS /api/notifications [32m204[0m 0.048 ms - 0[0m
[0mOPTIONS /api/profile/stats [32m204[0m 0.041 ms - 0[0m
[0mOPTIONS /api/organizations/mine [32m204[0m 0.024 ms - 0[0m
[0mOPTIONS /api/network/suggestions [32m204[0m 0.017 ms - 0[0m
[0mOPTIONS /api/posts/trending [32m204[0m 0.017 ms - 0[0m
[0mOPTIONS /api/jobs? [32m204[0m 0.015 ms - 0[0m
[0mGET /api/posts/trending [36m304[0m 23.136 ms - -[0m
[0mGET /api/posts/trending [36m304[0m 22.548 ms - -[0m
[0mGET /api/profile/stats [31m500[0m 64.817 ms - 42[0m
[0mGET /api/network/suggestions [36m304[0m 124.611 ms - -[0m
[0mGET /api/profile/stats [31m500[0m 66.019 ms - 42[0m
[0mGET /api/organizations/mine [36m304[0m 150.664 ms - -[0m
[0mGET /api/notifications [36m304[0m 157.425 ms - -[0m
[0mGET /api/network/suggestions [36m304[0m 56.988 ms - -[0m
[0mGET /api/jobs? [32m200[0m 169.594 ms - -[0m
[0mGET /api/notifications [36m304[0m 106.193 ms - -[0m
[0mGET /api/jobs? [32m200[0m 132.136 ms - -[0m
[0mGET /api/organizations/mine [36m304[0m 278.465 ms - -[0m
[0mOPTIONS /api/notifications [32m204[0m 0.090 ms - 0[0m
[0mGET /api/notifications [36m304[0m 357.172 ms - -[0m
[0mOPTIONS /api/notifications [32m204[0m 0.069 ms - 0[0m
[0mGET /api/notifications [36m304[0m 257.170 ms - -[0m
[0mOPTIONS /api/notifications [32m204[0m 0.065 ms - 0[0m
[0mGET /api/notifications [36m304[0m 215.582 ms - -[0m
[0mOPTIONS /api/notifications [32m204[0m 0.074 ms - 0[0m
[0mOPTIONS /api/posts/trending [32m204[0m 0.045 ms - 0[0m
[0mGET /api/posts/trending [36m304[0m 22.748 ms - -[0m
[0mGET /api/notifications [36m304[0m 193.496 ms - -[0m
[0mOPTIONS /api/notifications [32m204[0m 0.043 ms - 0[0m
[0mGET /api/notifications [36m304[0m 197.199 ms - -[0m
[0mOPTIONS /api/notifications [32m204[0m 0.104 ms - 0[0m
[0mGET /api/notifications [36m304[0m 181.321 ms - -[0m
[0mOPTIONS /api/notifications [32m204[0m 0.065 ms - 0[0m
[0mGET /api/notifications [36m304[0m 174.381 ms - -[0m
[0mOPTIONS /api/profile/stats [32m204[0m 0.061 ms - 0[0m
[0mOPTIONS /api/organizations/mine [32m204[0m 0.033 ms - 0[0m
[0mOPTIONS /api/messages/conversations [32m204[0m 0.021 ms - 0[0m
[0mOPTIONS /api/profile/stats [32m204[0m 0.018 ms - 0[0m
[0mOPTIONS /api/organizations/mine [32m204[0m 0.056 ms - 0[0m
[0mOPTIONS /api/messages/conversations [32m204[0m 0.066 ms - 0[0m
[0mGET /api/profile/stats [31m500[0m 67.582 ms - 42[0m
[0mGET /api/notifications [36m304[0m 133.445 ms - -[0m
[0mGET /api/profile/stats [31m500[0m 69.024 ms - 42[0m
[0mGET /api/organizations/mine [36m304[0m 148.904 ms - -[0m
[0mGET /api/messages/conversations [32m200[0m 178.994 ms - -[0m
[0mGET /api/notifications [36m304[0m 72.473 ms - -[0m
[0mGET /api/organizations/mine [36m304[0m 148.939 ms - -[0m
[0mGET /api/messages/conversations [36m304[0m 181.358 ms - -[0m
[0mOPTIONS /api/notifications [32m204[0m 0.064 ms - 0[0m
[0mOPTIONS /api/profile/stats [32m204[0m 0.029 ms - 0[0m
[0mOPTIONS /api/organizations/mine [32m204[0m 0.021 ms - 0[0m
[0mOPTIONS /api/network/suggestions [32m204[0m 0.019 ms - 0[0m
[0mOPTIONS /api/posts/trending [32m204[0m 0.018 ms - 0[0m
[0mOPTIONS /api/projects [32m204[0m 0.018 ms - 0[0m
[0mOPTIONS /api/notifications [32m204[0m 0.041 ms - 0[0m
[0mOPTIONS /api/profile/stats [32m204[0m 0.030 ms - 0[0m
[0mOPTIONS /api/organizations/mine [32m204[0m 0.018 ms - 0[0m
[0mOPTIONS /api/network/suggestions [32m204[0m 0.019 ms - 0[0m
[0mOPTIONS /api/posts/trending [32m204[0m 0.022 ms - 0[0m
[0mOPTIONS /api/projects [32m204[0m 0.034 ms - 0[0m
[0mGET /api/posts/trending [36m304[0m 22.044 ms - -[0m
[0mGET /api/projects [36m304[0m 22.731 ms - -[0m
[0mGET /api/posts/trending [36m304[0m 23.479 ms - -[0m
[0mGET /api/projects [36m304[0m 23.295 ms - -[0m
[0mGET /api/profile/stats [31m500[0m 68.264 ms - 42[0m
[0mGET /api/network/suggestions [36m304[0m 124.533 ms - -[0m
[0mGET /api/notifications [36m304[0m 131.323 ms - -[0m
[0mGET /api/profile/stats [31m500[0m 66.318 ms - 42[0m
[0mGET /api/organizations/mine [36m304[0m 149.116 ms - -[0m
[0mGET /api/network/suggestions [36m304[0m 66.800 ms - -[0m
[0mGET /api/notifications [36m304[0m 111.672 ms - -[0m
[0mGET /api/organizations/mine [36m304[0m 169.869 ms - -[0m
[0mOPTIONS /api/messages/conversations [32m204[0m 0.048 ms - 0[0m
[0mOPTIONS /api/messages/conversations [32m204[0m 0.042 ms - 0[0m
[0mGET /api/profile/stats [31m500[0m 68.063 ms - 42[0m
[0mGET /api/profile/stats [31m500[0m 65.279 ms - 42[0m
[0mGET /api/notifications [36m304[0m 149.849 ms - -[0m
[0mGET /api/organizations/mine [36m304[0m 152.106 ms - -[0m
[0mGET /api/messages/conversations [36m304[0m 150.092 ms - -[0m
[0mGET /api/notifications [36m304[0m 110.800 ms - -[0m
[0mGET /api/organizations/mine [36m304[0m 143.335 ms - -[0m
[0mGET /api/messages/conversations [36m304[0m 174.318 ms - -[0m
[0mOPTIONS /api/network/connections [32m204[0m 0.038 ms - 0[0m
[0mOPTIONS /api/network/requests [32m204[0m 0.032 ms - 0[0m
[0mOPTIONS /api/network/connections [32m204[0m 0.026 ms - 0[0m
[0mOPTIONS /api/network/requests [32m204[0m 0.025 ms - 0[0m
[0mGET /api/posts/trending [36m304[0m 21.771 ms - -[0m
[0mGET /api/network/requests [36m304[0m 21.649 ms - -[0m
[0mGET /api/profile/stats [31m500[0m 66.337 ms - 42[0m
[0mGET /api/posts/trending [36m304[0m 21.938 ms - -[0m
[0mGET /api/network/suggestions [36m304[0m 86.932 ms - -[0m
[0mGET /api/network/requests [36m304[0m 22.159 ms - -[0m
[0mGET /api/notifications [36m304[0m 117.057 ms - -[0m
[0mGET /api/profile/stats [31m500[0m 70.809 ms - 42[0m
[0mGET /api/organizations/mine [36m304[0m 149.603 ms - -[0m
[0mGET /api/network/connections [36m304[0m 146.700 ms - -[0m
[0mGET /api/network/suggestions [36m304[0m 69.221 ms - -[0m
[0mGET /api/network/suggestions [36m304[0m 50.380 ms - -[0m
[0mGET /api/notifications [36m304[0m 116.048 ms - -[0m
[0mGET /api/network/connections [36m304[0m 87.999 ms - -[0m
[0mGET /api/network/suggestions [36m304[0m 48.515 ms - -[0m
[0mGET /api/organizations/mine [36m304[0m 165.603 ms - -[0m
[0mOPTIONS /api/notifications [32m204[0m 0.054 ms - 0[0m
[0mGET /api/notifications [36m304[0m 153.655 ms - -[0m
[0mOPTIONS /api/notifications [32m204[0m 0.050 ms - 0[0m
[0mGET /api/notifications [36m304[0m 173.288 ms - -[0m
[0mOPTIONS /api/auth/me [32m204[0m 0.049 ms - 0[0m
[0mGET /api/auth/me [32m200[0m 127.770 ms - -[0m
[0mOPTIONS /api/notifications [32m204[0m 0.076 ms - 0[0m
[0mOPTIONS /api/profile/stats [32m204[0m 0.074 ms - 0[0m
[0mOPTIONS /api/organizations/mine [32m204[0m 0.062 ms - 0[0m
[0mOPTIONS /api/network/suggestions [32m204[0m 0.074 ms - 0[0m
[0mOPTIONS /api/posts/trending [32m204[0m 0.080 ms - 0[0m
[0mOPTIONS /api/network/connections [32m204[0m 0.071 ms - 0[0m
[0mOPTIONS /api/network/requests [32m204[0m 0.080 ms - 0[0m
[0mGET /api/auth/me [36m304[0m 104.050 ms - -[0m
[0mOPTIONS /api/network/connections [32m204[0m 0.052 ms - 0[0m
[0mOPTIONS /api/network/requests [32m204[0m 0.069 ms - 0[0m
[0mGET /api/organizations/mine [32m200[0m 61.952 ms - 58[0m
[0mGET /api/posts/trending [32m200[0m 37.424 ms - 55[0m
[0mGET /api/profile/stats [31m500[0m 67.977 ms - 42[0m
[0mGET /api/network/requests [32m200[0m 22.412 ms - 30[0m
[0mGET /api/posts/trending [36m304[0m 24.355 ms - -[0m
[0mGET /api/organizations/mine [36m304[0m 47.392 ms - -[0m
[0mGET /api/network/requests [36m304[0m 22.392 ms - -[0m
[0mGET /api/notifications [32m200[0m 137.149 ms - -[0m
[0mGET /api/network/suggestions [32m200[0m 132.288 ms - -[0m
[0mGET /api/profile/stats [31m500[0m 67.615 ms - 42[0m
[0mGET /api/organizations/mine [36m304[0m 49.121 ms - -[0m
[0mGET /api/network/connections [32m200[0m 160.466 ms - -[0m
[0mGET /api/profile/stats [31m500[0m 67.541 ms - 42[0m
[0mGET /api/network/connections [36m304[0m 51.378 ms - -[0m
[0mGET /api/notifications [36m304[0m 138.397 ms - -[0m
[0mGET /api/network/suggestions [36m304[0m 128.821 ms - -[0m
[0mGET /api/network/suggestions [36m304[0m 106.651 ms - -[0m
[0mGET /api/network/suggestions [36m304[0m 107.026 ms - -[0m
[0mOPTIONS /api/notifications [32m204[0m 0.065 ms - 0[0m
[0mGET /api/notifications [36m304[0m 154.351 ms - -[0m
[0mOPTIONS /api/auth/me [32m204[0m 0.054 ms - 0[0m
[0mGET /api/auth/me [32m200[0m 85.051 ms - -[0m
[0mOPTIONS /api/profile/stats [32m204[0m 0.121 ms - 0[0m
[0mOPTIONS /api/organizations/mine [32m204[0m 0.081 ms - 0[0m
[0mOPTIONS /api/network/suggestions [32m204[0m 0.051 ms - 0[0m
[0mOPTIONS /api/posts/trending [32m204[0m 0.063 ms - 0[0m
[0mOPTIONS /api/network/suggestions [32m204[0m 0.039 ms - 0[0m
[0mOPTIONS /api/network/connections [32m204[0m 0.052 ms - 0[0m
[0mOPTIONS /api/network/requests [32m204[0m 0.047 ms - 0[0m
[0mGET /api/auth/me [36m304[0m 85.634 ms - -[0m
[0mGET /api/posts/trending [36m304[0m 23.694 ms - -[0m
[0mGET /api/organizations/mine [36m304[0m 46.948 ms - -[0m
[0mGET /api/network/requests [36m304[0m 22.278 ms - -[0m
[0mGET /api/profile/stats [31m500[0m 67.751 ms - 42[0m
[0mGET /api/posts/trending [36m304[0m 22.715 ms - -[0m
[0mGET /api/network/requests [36m304[0m 22.427 ms - -[0m
[0mGET /api/organizations/mine [36m304[0m 45.865 ms - -[0m
[0mGET /api/notifications [36m304[0m 138.973 ms - -[0m
[0mGET /api/network/suggestions [36m304[0m 133.276 ms - -[0m
[0mGET /api/profile/stats [31m500[0m 68.380 ms - 42[0m
[0mGET /api/network/connections [36m304[0m 140.140 ms - -[0m
[0mGET /api/notifications [36m304[0m 77.418 ms - -[0m
[0mGET /api/network/connections [36m304[0m 54.679 ms - -[0m
[0mGET /api/network/suggestions [36m304[0m 78.457 ms - -[0m
[0mGET /api/organizations/mine [36m304[0m 44.650 ms - -[0m
[0mGET /api/network/suggestions [36m304[0m 74.131 ms - -[0m
[0mGET /api/profile/stats [31m500[0m 66.862 ms - 42[0m
[0mGET /api/network/suggestions [36m304[0m 68.350 ms - -[0m
[0mOPTIONS /api/notifications [32m204[0m 0.076 ms - 0[0m
[0mGET /api/notifications [36m304[0m 142.129 ms - -[0m
[0mOPTIONS /api/notifications [32m204[0m 0.080 ms - 0[0m
[0mGET /api/notifications [36m304[0m 141.866 ms - -[0m
[0mOPTIONS /api/notifications [32m204[0m 0.144 ms - 0[0m
[0mGET /api/notifications [36m304[0m 137.275 ms - -[0m
[0mOPTIONS /api/notifications [32m204[0m 0.101 ms - 0[0m
[0mOPTIONS /api/posts/trending [32m204[0m 0.028 ms - 0[0m
[0mGET /api/posts/trending [36m304[0m 23.130 ms - -[0m
[0mGET /api/notifications [36m304[0m 139.452 ms - -[0m
[0mOPTIONS /api/notifications [32m204[0m 0.049 ms - 0[0m
[0mGET /api/notifications [36m304[0m 131.509 ms - -[0m
[0mOPTIONS /api/notifications [32m204[0m 0.076 ms - 0[0m
[0mGET /api/notifications [36m304[0m 134.129 ms - -[0m
[0mOPTIONS /api/notifications [32m204[0m 0.057 ms - 0[0m
[0mGET /api/notifications [36m304[0m 138.607 ms - -[0m
[0mOPTIONS /api/organizations/invites/f25bcc19654c93264f9292f4ea4e3502d9448d07530f869f713af7e59862c05b [32m204[0m 0.074 ms - 0[0m
[0mOPTIONS /api/auth/me [32m204[0m 0.078 ms - 0[0m
[0mOPTIONS /api/organizations/invites/f25bcc19654c93264f9292f4ea4e3502d9448d07530f869f713af7e59862c05b [32m204[0m 0.131 ms - 0[0m
[0mOPTIONS /api/auth/me [32m204[0m 0.059 ms - 0[0m
[0mGET /api/organizations/invites/f25bcc19654c93264f9292f4ea4e3502d9448d07530f869f713af7e59862c05b [32m200[0m 45.599 ms - 521[0m
[0mGET /api/organizations/invites/f25bcc19654c93264f9292f4ea4e3502d9448d07530f869f713af7e59862c05b [36m304[0m 45.309 ms - -[0m
[0mGET /api/auth/me [36m304[0m 110.017 ms - -[0m
[0mGET /api/auth/me [36m304[0m 27.567 ms - -[0m
[0mOPTIONS /api/organizations/invites/f25bcc19654c93264f9292f4ea4e3502d9448d07530f869f713af7e59862c05b/accept [32m204[0m 0.077 ms - 0[0m
[0mPOST /api/organizations/invites/f25bcc19654c93264f9292f4ea4e3502d9448d07530f869f713af7e59862c05b/accept [32m200[0m 264.109 ms - 76[0m
[0mOPTIONS /api/notifications [32m204[0m 0.079 ms - 0[0m
[0mOPTIONS /api/profile/stats [32m204[0m 0.072 ms - 0[0m
[0mOPTIONS /api/organizations/mine [32m204[0m 0.048 ms - 0[0m
[0mOPTIONS /api/network/suggestions [32m204[0m 0.044 ms - 0[0m
[0mOPTIONS /api/posts/trending [32m204[0m 0.037 ms - 0[0m
[0mOPTIONS /api/organizations/ek-apni-car [32m204[0m 0.032 ms - 0[0m
[0mOPTIONS /api/profile/stats [32m204[0m 0.032 ms - 0[0m
[0mOPTIONS /api/organizations/mine [32m204[0m 0.060 ms - 0[0m
[0mOPTIONS /api/network/suggestions [32m204[0m 0.034 ms - 0[0m
[0mOPTIONS /api/posts/trending [32m204[0m 0.032 ms - 0[0m
[0mOPTIONS /api/organizations/ek-apni-car [32m204[0m 0.033 ms - 0[0m
[0mGET /api/posts/trending [36m304[0m 24.299 ms - -[0m
[0mGET /api/posts/trending [36m304[0m 27.096 ms - -[0m
[0mGET /api/profile/stats [31m500[0m 76.127 ms - 42[0m
[0mGET /api/organizations/mine [32m200[0m 112.614 ms - -[0m
[0mGET /api/notifications [36m304[0m 131.236 ms - -[0m
[0mGET /api/network/suggestions [36m304[0m 133.830 ms - -[0m
[0mGET /api/profile/stats [31m500[0m 72.579 ms - 42[0m
[0mGET /api/network/suggestions [36m304[0m 49.029 ms - -[0m
[0mGET /api/notifications [36m304[0m 73.098 ms - -[0m
[0mGET /api/organizations/mine [36m304[0m 116.313 ms - -[0m
[0mGET /api/organizations/ek-apni-car [32m200[0m 291.972 ms - -[0m
[0mOPTIONS /api/organizations/6a43f2871aaacc07f8443194/invites [32m204[0m 0.088 ms - 0[0m
[0mGET /api/organizations/6a43f2871aaacc07f8443194/invites [32m200[0m 44.163 ms - 29[0m
[0mGET /api/organizations/ek-apni-car [36m304[0m 135.367 ms - -[0m
[0mGET /api/organizations/6a43f2871aaacc07f8443194/invites [36m304[0m 45.107 ms - -[0m
[0mOPTIONS /api/organizations/6a43f2871aaacc07f8443194/follow [32m204[0m 0.073 ms - 0[0m
[0mPUT /api/organizations/6a43f2871aaacc07f8443194/follow [32m200[0m 96.699 ms - 51[0m
[0mOPTIONS /api/notifications [32m204[0m 0.052 ms - 0[0m
[0mOPTIONS /api/posts/trending [32m204[0m 0.056 ms - 0[0m
[0mGET /api/posts/trending [36m304[0m 22.089 ms - -[0m
[0mGET /api/notifications [36m304[0m 129.557 ms - -[0m
[0mOPTIONS /api/notifications [32m204[0m 0.079 ms - 0[0m
[0mGET /api/notifications [36m304[0m 148.964 ms - -[0m
[0mOPTIONS /api/notifications [32m204[0m 0.056 ms - 0[0m
[0mGET /api/notifications [36m304[0m 129.874 ms - -[0m
[0mOPTIONS /api/notifications [32m204[0m 0.079 ms - 0[0m
[0mGET /api/notifications [36m304[0m 147.540 ms - -[0m
[0mOPTIONS /api/notifications [32m204[0m 0.081 ms - 0[0m
[0mGET /api/notifications [36m304[0m 135.273 ms - -[0m
[0mOPTIONS /api/notifications [32m204[0m 0.055 ms - 0[0m
[0mGET /api/notifications [36m304[0m 133.317 ms - -[0m
[0mOPTIONS /api/notifications [32m204[0m 0.084 ms - 0[0m
[0mOPTIONS /api/posts/trending [32m204[0m 0.046 ms - 0[0m
[0mGET /api/posts/trending [36m304[0m 22.832 ms - -[0m
[0mGET /api/notifications [36m304[0m 135.716 ms - -[0m
[0mOPTIONS /api/posts/trending [32m204[0m 0.075 ms - 0[0m
[0mGET /api/posts/trending [36m304[0m 22.775 ms - -[0m
[0mOPTIONS /api/notifications [32m204[0m 0.055 ms - 0[0m
[0mGET /api/notifications [36m304[0m 130.466 ms - -[0m
[0mOPTIONS /api/notifications [32m204[0m 0.076 ms - 0[0m
[0mGET /api/notifications [36m304[0m 144.490 ms - -[0m
[0mOPTIONS /api/notifications [32m204[0m 0.076 ms - 0[0m
[0mGET /api/notifications [36m304[0m 134.551 ms - -[0m
[0mOPTIONS /api/notifications [32m204[0m 0.050 ms - 0[0m
[0mGET /api/notifications [36m304[0m 130.059 ms - -[0m
[0mOPTIONS /api/notifications [32m204[0m 0.070 ms - 0[0m
[0mGET /api/notifications [36m304[0m 136.843 ms - -[0m
[0mOPTIONS /api/posts/trending [32m204[0m 0.046 ms - 0[0m
[0mGET /api/posts/trending [36m304[0m 23.705 ms - -[0m
[0mOPTIONS /api/posts/trending [32m204[0m 0.071 ms - 0[0m
[0mGET /api/posts/trending [36m304[0m 25.823 ms - -[0m
[0mOPTIONS /api/notifications [32m204[0m 0.071 ms - 0[0m
[0mGET /api/notifications [36m304[0m 134.421 ms - -[0m
[0mOPTIONS /api/notifications [32m204[0m 0.111 ms - 0[0m
[0mGET /api/notifications [36m304[0m 138.640 ms - -[0m
[0mOPTIONS /api/notifications [32m204[0m 0.112 ms - 0[0m
[0mGET /api/notifications [36m304[0m 138.308 ms - -[0m
[0mOPTIONS /api/notifications [32m204[0m 0.089 ms - 0[0m
[0mGET /api/notifications [36m304[0m 130.051 ms - -[0m
[0mOPTIONS /api/posts/trending [32m204[0m 0.129 ms - 0[0m
[0mOPTIONS /api/posts/trending [32m204[0m 0.065 ms - 0[0m
[0mOPTIONS /api/notifications [32m204[0m 0.092 ms - 0[0m
[0mGET /api/posts/trending [36m304[0m 29005.745 ms - -[0m
[0mGET /api/posts/trending [36m304[0m 22.899 ms - -[0m
[0mOPTIONS /api/notifications [32m204[0m 0.100 ms - 0[0m
[0mGET /api/notifications [36m304[0m 19351.606 ms - -[0m
[0mGET /api/notifications [36m304[0m 77.414 ms - -[0m
[0mOPTIONS /api/notifications [32m204[0m 0.073 ms - 0[0m
[0mGET /api/notifications [36m304[0m 144.616 ms - -[0m
[0mOPTIONS /api/notifications [32m204[0m 0.067 ms - 0[0m
[0mGET /api/notifications [36m304[0m 136.922 ms - -[0m
[0mOPTIONS /api/posts/trending [32m204[0m 0.047 ms - 0[0m
[0mGET /api/posts/trending [36m304[0m 25.127 ms - -[0m
[0mOPTIONS /api/posts/trending [32m204[0m 0.060 ms - 0[0m
[0mGET /api/posts/trending [36m304[0m 23.353 ms - -[0m
[0mOPTIONS /api/notifications [32m204[0m 0.096 ms - 0[0m
[0mGET /api/notifications [36m304[0m 150.828 ms - -[0m
[0mOPTIONS /api/notifications [32m204[0m 0.104 ms - 0[0m
[0mGET /api/notifications [36m304[0m 136.000 ms - -[0m
[0mOPTIONS /api/notifications [32m204[0m 0.062 ms - 0[0m
[0mGET /api/notifications [36m304[0m 136.911 ms - -[0m
[0mOPTIONS /api/notifications [32m204[0m 0.071 ms - 0[0m
[0mGET /api/notifications [36m304[0m 134.698 ms - -[0m
[0mOPTIONS /api/notifications [32m204[0m 0.056 ms - 0[0m
[0mOPTIONS /api/posts/trending [32m204[0m 0.072 ms - 0[0m
[0mGET /api/notifications [36m304[0m 138.256 ms - -[0m
[0mGET /api/posts/trending [36m304[0m 193.263 ms - -[0m
[0mOPTIONS /api/auth/me [32m204[0m 0.100 ms - 0[0m
[0mOPTIONS /api/auth/me [32m204[0m 0.083 ms - 0[0m
[0mGET /api/auth/me [36m304[0m 113.103 ms - -[0m
[0mGET /api/auth/me [36m304[0m 27.935 ms - -[0m
[0mOPTIONS /api/notifications [32m204[0m 0.058 ms - 0[0m
[0mOPTIONS /api/profile/stats [32m204[0m 0.057 ms - 0[0m
[0mOPTIONS /api/organizations/mine [32m204[0m 0.043 ms - 0[0m
[0mOPTIONS /api/network/suggestions [32m204[0m 0.065 ms - 0[0m
[0mOPTIONS /api/posts/trending [32m204[0m 0.079 ms - 0[0m
[0mOPTIONS /api/network/suggestions [32m204[0m 0.070 ms - 0[0m
[0mOPTIONS /api/network/connections [32m204[0m 0.088 ms - 0[0m
[0mOPTIONS /api/network/requests [32m204[0m 0.026 ms - 0[0m
[0mOPTIONS /api/posts/trending [32m204[0m 0.055 ms - 0[0m
[0mOPTIONS /api/network/connections [32m204[0m 0.084 ms - 0[0m
[0mOPTIONS /api/network/requests [32m204[0m 0.096 ms - 0[0m
[0mGET /api/posts/trending [36m304[0m 34.459 ms - -[0m
[0mGET /api/notifications [36m304[0m 106.481 ms - -[0m
[0mGET /api/network/requests [36m304[0m 47.898 ms - -[0m
[0mGET /api/network/connections [36m304[0m 104.314 ms - -[0m
[0mGET /api/profile/stats [31m500[0m 116.743 ms - 42[0m
[0mGET /api/posts/trending [36m304[0m 42.016 ms - -[0m
[0mGET /api/network/requests [36m304[0m 41.253 ms - -[0m
[0mGET /api/profile/stats [31m500[0m 104.399 ms - 42[0m
[0mGET /api/notifications [36m304[0m 175.082 ms - -[0m
[0mGET /api/network/suggestions [36m304[0m 300.590 ms - -[0m
[0mGET /api/profile/stats [31m500[0m 65.582 ms - 42[0m
[0mGET /api/network/suggestions [36m304[0m 51.117 ms - -[0m
[0mGET /api/organizations/mine [32m200[0m 373.242 ms - -[0m
[0mGET /api/network/suggestions [36m304[0m 51.120 ms - -[0m
[0mGET /api/network/connections [36m304[0m 306.067 ms - -[0m
[0mGET /api/organizations/mine [36m304[0m 70.841 ms - -[0m
[0mGET /api/network/suggestions [36m304[0m 53.045 ms - -[0m
[0mGET /api/organizations/mine [36m304[0m 68.212 ms - -[0m
[0mOPTIONS /api/notifications [32m204[0m 0.117 ms - 0[0m
[0mOPTIONS /api/profile/stats [32m204[0m 0.059 ms - 0[0m
[0mOPTIONS /api/organizations/mine [32m204[0m 0.046 ms - 0[0m
[0mOPTIONS /api/network/suggestions [32m204[0m 0.034 ms - 0[0m
[0mOPTIONS /api/posts/trending [32m204[0m 0.027 ms - 0[0m
[0mOPTIONS /api/posts?page=1 [32m204[0m 0.065 ms - 0[0m
[0mOPTIONS /api/notifications [32m204[0m 0.043 ms - 0[0m
[0mOPTIONS /api/posts/saved [32m204[0m 0.033 ms - 0[0m
[0mOPTIONS /api/profile/stats [32m204[0m 0.035 ms - 0[0m
[0mOPTIONS /api/organizations/mine [32m204[0m 0.027 ms - 0[0m
[0mOPTIONS /api/network/suggestions [32m204[0m 0.028 ms - 0[0m
[0mOPTIONS /api/posts/trending [32m204[0m 0.027 ms - 0[0m
[0mOPTIONS /api/posts?page=1 [32m204[0m 0.047 ms - 0[0m
[0mOPTIONS /api/posts/saved [32m204[0m 0.044 ms - 0[0m
[0mGET /api/profile/stats [31m500[0m 116.051 ms - 42[0m
[0mGET /api/network/suggestions [36m304[0m 161.209 ms - -[0m
[0mGET /api/notifications [36m304[0m 168.418 ms - -[0m
[0mGET /api/organizations/mine [36m304[0m 167.458 ms - -[0m
[0mGET /api/posts/trending [36m304[0m 189.147 ms - -[0m
[0mGET /api/posts/saved [32m200[0m 130.229 ms - 27[0m
[0mGET /api/network/suggestions [36m304[0m 95.474 ms - -[0m
[0mGET /api/profile/stats [31m500[0m 98.870 ms - 42[0m
[0mGET /api/notifications [36m304[0m 100.611 ms - -[0m
[0mGET /api/posts/trending [36m304[0m 30.302 ms - -[0m
[0mGET /api/posts?page=1 [32m200[0m 236.735 ms - -[0m
[0mGET /api/organizations/mine [36m304[0m 138.728 ms - -[0m
[0mGET /api/posts/saved [36m304[0m 110.287 ms - -[0m
[0mGET /api/posts?page=1 [36m304[0m 210.369 ms - -[0m
[0mOPTIONS /api/network/connections [32m204[0m 0.047 ms - 0[0m
[0mOPTIONS /api/network/requests [32m204[0m 0.035 ms - 0[0m
[0mOPTIONS /api/network/connections [32m204[0m 0.069 ms - 0[0m
[0mOPTIONS /api/network/requests [32m204[0m 0.036 ms - 0[0m
[0mGET /api/posts/trending [36m304[0m 23.951 ms - -[0m
[0mGET /api/network/requests [36m304[0m 21.914 ms - -[0m
[0mGET /api/profile/stats [31m500[0m 64.436 ms - 42[0m
[0mGET /api/posts/trending [36m304[0m 31.457 ms - -[0m
[0mGET /api/network/requests [36m304[0m 21.331 ms - -[0m
[0mGET /api/notifications [36m304[0m 130.667 ms - -[0m
[0mGET /api/network/suggestions [36m304[0m 128.842 ms - -[0m
[0mGET /api/network/connections [36m304[0m 127.968 ms - -[0m
[0mGET /api/profile/stats [31m500[0m 71.369 ms - 42[0m
[0mGET /api/network/connections [36m304[0m 52.689 ms - -[0m
[0mGET /api/network/suggestions [36m304[0m 67.545 ms - -[0m
[0mGET /api/notifications [36m304[0m 71.349 ms - -[0m
[0mGET /api/network/suggestions [36m304[0m 49.821 ms - -[0m
[0mGET /api/organizations/mine [36m304[0m 266.676 ms - -[0m
[0mGET /api/network/suggestions [36m304[0m 48.858 ms - -[0m
[0mGET /api/organizations/mine [36m304[0m 75.023 ms - -[0m
[0mOPTIONS /api/notifications [32m204[0m 0.102 ms - 0[0m
[0mOPTIONS /api/profile/stats [32m204[0m 0.048 ms - 0[0m
[0mOPTIONS /api/organizations/mine [32m204[0m 0.030 ms - 0[0m
[0mOPTIONS /api/network/suggestions [32m204[0m 0.025 ms - 0[0m
[0mOPTIONS /api/posts/trending [32m204[0m 0.065 ms - 0[0m
[0mOPTIONS /api/posts?page=1 [32m204[0m 0.061 ms - 0[0m
[0mOPTIONS /api/posts/saved [32m204[0m 0.041 ms - 0[0m
[0mOPTIONS /api/notifications [32m204[0m 0.044 ms - 0[0m
[0mOPTIONS /api/profile/stats [32m204[0m 0.032 ms - 0[0m
[0mOPTIONS /api/organizations/mine [32m204[0m 0.059 ms - 0[0m
[0mOPTIONS /api/network/suggestions [32m204[0m 0.049 ms - 0[0m
[0mOPTIONS /api/posts/trending [32m204[0m 0.048 ms - 0[0m
[0mOPTIONS /api/posts?page=1 [32m204[0m 0.053 ms - 0[0m
[0mOPTIONS /api/posts/saved [32m204[0m 0.034 ms - 0[0m
[0mGET /api/posts/trending [36m304[0m 22.163 ms - -[0m
[0mGET /api/profile/stats [31m500[0m 66.092 ms - 42[0m
[0mGET /api/posts/trending [36m304[0m 21.910 ms - -[0m
[0mGET /api/organizations/mine [36m304[0m 105.564 ms - -[0m
[0mGET /api/network/suggestions [36m304[0m 125.249 ms - -[0m
[0mGET /api/notifications [36m304[0m 132.090 ms - -[0m
[0mGET /api/posts/saved [36m304[0m 114.419 ms - -[0m
[0mGET /api/profile/stats [31m500[0m 73.368 ms - 42[0m
[0mGET /api/posts/saved [36m304[0m 27.263 ms - -[0m
[0mGET /api/network/suggestions [36m304[0m 68.751 ms - -[0m
[0mGET /api/notifications [36m304[0m 79.671 ms - -[0m
[0mGET /api/organizations/mine [36m304[0m 116.257 ms - -[0m
[0mGET /api/posts?page=1 [36m304[0m 288.042 ms - -[0m
[0mGET /api/posts?page=1 [36m304[0m 207.995 ms - -[0m
[0mOPTIONS /api/notifications [32m204[0m 0.105 ms - 0[0m
[0mGET /api/notifications [32m200[0m 91.919 ms - -[0m
[0mOPTIONS /api/auth/me [32m204[0m 0.124 ms - 0[0m
[0mOPTIONS /api/auth/me [32m204[0m 0.082 ms - 0[0m
[0mGET /api/auth/me [32m200[0m 49.363 ms - -[0m
[0mGET /api/auth/me [36m304[0m 27.257 ms - -[0m
[0mOPTIONS /api/profile/stats [32m204[0m 0.068 ms - 0[0m
[0mOPTIONS /api/organizations/mine [32m204[0m 0.078 ms - 0[0m
[0mOPTIONS /api/network/suggestions [32m204[0m 0.094 ms - 0[0m
[0mOPTIONS /api/posts/trending [32m204[0m 0.075 ms - 0[0m
[0mOPTIONS /api/posts?page=1 [32m204[0m 0.095 ms - 0[0m
[0mOPTIONS /api/posts/saved [32m204[0m 0.110 ms - 0[0m
[0mOPTIONS /api/posts?page=1 [32m204[0m 0.080 ms - 0[0m
[0mOPTIONS /api/posts/saved [32m204[0m 0.065 ms - 0[0m
[0mGET /api/notifications [36m304[0m 76.401 ms - -[0m
[0mGET /api/posts/trending [32m200[0m 39.717 ms - 55[0m
[0mGET /api/profile/stats [31m500[0m 83.321 ms - 42[0m
[0mGET /api/posts/saved [32m200[0m 27.123 ms - 27[0m
[0mGET /api/posts/trending [36m304[0m 22.975 ms - -[0m
[0mGET /api/organizations/mine [32m200[0m 107.537 ms - -[0m
[0mGET /api/profile/stats [31m500[0m 70.436 ms - 42[0m
[0mGET /api/network/suggestions [32m200[0m 131.525 ms - -[0m
[0mGET /api/posts/saved [36m304[0m 104.699 ms - -[0m
[0mGET /api/notifications [36m304[0m 138.657 ms - -[0m
[0mGET /api/organizations/mine [36m304[0m 118.687 ms - -[0m
[0mGET /api/network/suggestions [36m304[0m 62.793 ms - -[0m
[0mGET /api/profile/stats [31m500[0m 75.256 ms - 42[0m
[0mGET /api/organizations/mine [36m304[0m 75.753 ms - -[0m
[0mGET /api/posts?page=1 [32m200[0m 293.739 ms - -[0m
[0mGET /api/posts?page=1 [36m304[0m 425.648 ms - -[0m
[0mOPTIONS /api/auth/me [32m204[0m 0.125 ms - 0[0m
[0mOPTIONS /api/auth/me [32m204[0m 0.041 ms - 0[0m
[0mGET /api/auth/me [32m200[0m 45.489 ms - -[0m
[0mGET /api/auth/me [36m304[0m 28.281 ms - -[0m
[0mOPTIONS /api/notifications [32m204[0m 0.059 ms - 0[0m
[0mOPTIONS /api/profile/stats [32m204[0m 0.072 ms - 0[0m
[0mOPTIONS /api/organizations/mine [32m204[0m 0.082 ms - 0[0m
[0mOPTIONS /api/network/suggestions [32m204[0m 0.064 ms - 0[0m
[0mOPTIONS /api/posts/trending [32m204[0m 0.077 ms - 0[0m
[0mOPTIONS /api/posts?page=1 [32m204[0m 0.069 ms - 0[0m
[0mOPTIONS /api/posts/saved [32m204[0m 0.056 ms - 0[0m
[0mOPTIONS /api/posts/trending [32m204[0m 0.086 ms - 0[0m
[0mOPTIONS /api/posts?page=1 [32m204[0m 0.068 ms - 0[0m
[0mOPTIONS /api/posts/saved [32m204[0m 0.051 ms - 0[0m
[0mGET /api/posts/trending [36m304[0m 22.713 ms - -[0m
[0mGET /api/notifications [36m304[0m 84.215 ms - -[0m
[0mGET /api/profile/stats [31m500[0m 72.613 ms - 42[0m
[0mGET /api/posts/trending [36m304[0m 22.625 ms - -[0m
[0mGET /api/organizations/mine [36m304[0m 111.812 ms - -[0m
[0mGET /api/posts/saved [36m304[0m 103.420 ms - -[0m
[0mGET /api/network/suggestions [36m304[0m 131.050 ms - -[0m
[0mGET /api/posts/saved [36m304[0m 38.523 ms - -[0m
[0mGET /api/profile/stats [31m500[0m 84.095 ms - 42[0m
[0mGET /api/notifications [36m304[0m 139.184 ms - -[0m
[0mGET /api/organizations/mine [36m304[0m 117.198 ms - -[0m
[0mGET /api/network/suggestions [36m304[0m 96.352 ms - -[0m
[0mGET /api/profile/stats [31m500[0m 67.618 ms - 42[0m
[0mGET /api/posts?page=1 [36m304[0m 298.385 ms - -[0m
[0mGET /api/organizations/mine [36m304[0m 96.341 ms - -[0m
[0mGET /api/posts?page=1 [36m304[0m 201.604 ms - -[0m
[0mOPTIONS /api/notifications [32m204[0m 0.086 ms - 0[0m
[0mGET /api/notifications [36m304[0m 137.503 ms - -[0m
[0mOPTIONS /api/notifications [32m204[0m 0.060 ms - 0[0m
[0mGET /api/notifications [36m304[0m 139.692 ms - -[0m
[0mOPTIONS /api/notifications [32m204[0m 0.063 ms - 0[0m
[0mGET /api/notifications [36m304[0m 137.240 ms - -[0m
[0mOPTIONS /api/posts/trending [32m204[0m 0.048 ms - 0[0m
[0mGET /api/posts/trending [36m304[0m 23.295 ms - -[0m
[0mOPTIONS /api/notifications [32m204[0m 0.047 ms - 0[0m
[0mGET /api/notifications [36m304[0m 133.053 ms - -[0m
[0mOPTIONS /api/notifications [32m204[0m 0.068 ms - 0[0m
[0mGET /api/notifications [36m304[0m 132.944 ms - -[0m
[0mOPTIONS /api/notifications [32m204[0m 0.072 ms - 0[0m
[0mOPTIONS /api/posts/trending [32m204[0m 0.038 ms - 0[0m
[0mGET /api/posts/trending [36m304[0m 23.524 ms - -[0m
[0mGET /api/notifications [36m304[0m 136.639 ms - -[0m
[0mOPTIONS /api/notifications [32m204[0m 0.108 ms - 0[0m
[0mGET /api/notifications [36m304[0m 139.065 ms - -[0m
[0mOPTIONS /api/notifications [32m204[0m 0.069 ms - 0[0m
[0mGET /api/notifications [36m304[0m 134.359 ms - -[0m
[0mOPTIONS /api/notifications [32m204[0m 0.096 ms - 0[0m
[0mGET /api/notifications [36m304[0m 144.570 ms - -[0m
[0mOPTIONS /api/notifications [32m204[0m 0.078 ms - 0[0m
[0mGET /api/notifications [36m304[0m 145.619 ms - -[0m
[0mOPTIONS /api/notifications [32m204[0m 0.066 ms - 0[0m
[0mOPTIONS /api/posts/trending [32m204[0m 0.039 ms - 0[0m
[0mGET /api/posts/trending [36m304[0m 23.604 ms - -[0m
[0mGET /api/notifications [36m304[0m 137.037 ms - -[0m
[0mOPTIONS /api/notifications [32m204[0m 0.148 ms - 0[0m
[0mOPTIONS /api/posts/trending [32m204[0m 0.044 ms - 0[0m
[0mGET /api/posts/trending [36m304[0m 23.050 ms - -[0m
[0mGET /api/notifications [36m304[0m 137.716 ms - -[0m
[0mOPTIONS /api/notifications [32m204[0m 0.104 ms - 0[0m
[0mGET /api/notifications [36m304[0m 137.456 ms - -[0m
[0mOPTIONS /api/notifications [32m204[0m 0.071 ms - 0[0m
[0mGET /api/notifications [36m304[0m 146.034 ms - -[0m
[0mOPTIONS /api/notifications [32m204[0m 0.054 ms - 0[0m
[0mGET /api/notifications [36m304[0m 137.973 ms - -[0m
[0mOPTIONS /api/notifications [32m204[0m 0.147 ms - 0[0m
[0mOPTIONS /api/notifications [32m204[0m 0.059 ms - 0[0m
[0mOPTIONS /api/posts/trending [32m204[0m 0.049 ms - 0[0m
[0mGET /api/posts/trending [36m304[0m 24.217 ms - -[0m
[0mGET /api/notifications [36m304[0m 147.939 ms - -[0m
[0mGET /api/notifications [36m304[0m 72.628 ms - -[0m
[0mOPTIONS /api/posts/trending [32m204[0m 0.166 ms - 0[0m
[0mGET /api/posts/trending [36m304[0m 32.844 ms - -[0m
[0mOPTIONS /api/notifications [32m204[0m 0.094 ms - 0[0m
[0mOPTIONS /api/notifications [32m204[0m 0.055 ms - 0[0m
[0mGET /api/notifications [36m304[0m 133.434 ms - -[0m
[0mGET /api/notifications [36m304[0m 73.634 ms - -[0m
[0mOPTIONS /api/notifications [32m204[0m 0.096 ms - 0[0m
[0mOPTIONS /api/posts/trending [32m204[0m 0.064 ms - 0[0m
[0mGET /api/posts/trending [36m304[0m 23.311 ms - -[0m
[0mGET /api/notifications [36m304[0m 133.413 ms - -[0m
[0mGET /api/notifications [36m304[0m 74.894 ms - -[0m
[0mOPTIONS /api/posts/trending [32m204[0m 0.048 ms - 0[0m
[0mGET /api/posts/trending [36m304[0m 22.585 ms - -[0m
[0mOPTIONS /api/notifications [32m204[0m 0.106 ms - 0[0m
[0mOPTIONS /api/notifications [32m204[0m 0.052 ms - 0[0m
[0mGET /api/notifications [36m304[0m 138.249 ms - -[0m
[0mGET /api/notifications [36m304[0m 73.670 ms - -[0m
[0mOPTIONS /api/notifications [32m204[0m 0.115 ms - 0[0m
[0mOPTIONS /api/notifications [32m204[0m 0.135 ms - 0[0m
[0mOPTIONS /api/posts/trending [32m204[0m 0.115 ms - 0[0m
[0mGET /api/posts/trending [36m304[0m 23.221 ms - -[0m
[0mGET /api/notifications [36m304[0m 136.366 ms - -[0m
[0mGET /api/notifications [36m304[0m 77.959 ms - -[0m
[0mOPTIONS /api/posts/trending [32m204[0m 0.052 ms - 0[0m
[0mGET /api/posts/trending [36m304[0m 22.556 ms - -[0m
[0mOPTIONS /api/notifications [32m204[0m 0.071 ms - 0[0m
[0mGET /api/notifications [36m304[0m 136.559 ms - -[0m
[0mOPTIONS /api/notifications [32m204[0m 0.052 ms - 0[0m
[0mGET /api/notifications [36m304[0m 133.071 ms - -[0m
[0mOPTIONS /api/notifications [32m204[0m 0.059 ms - 0[0m
[0mGET /api/notifications [36m304[0m 130.861 ms - -[0m
[0mOPTIONS /api/notifications [32m204[0m 0.062 ms - 0[0m
[0mGET /api/notifications [36m304[0m 133.600 ms - -[0m
[0mOPTIONS /api/notifications [32m204[0m 0.055 ms - 0[0m
[0mOPTIONS /api/profile/stats [32m204[0m 0.043 ms - 0[0m
[0mOPTIONS /api/organizations/mine [32m204[0m 0.035 ms - 0[0m
[0mOPTIONS /api/network/suggestions [32m204[0m 0.035 ms - 0[0m
[0mOPTIONS /api/posts/trending [32m204[0m 0.022 ms - 0[0m
[0mOPTIONS /api/organizations/ek-apni-car [32m204[0m 0.029 ms - 0[0m
[0mOPTIONS /api/profile/stats [32m204[0m 0.041 ms - 0[0m
[0mOPTIONS /api/organizations/mine [32m204[0m 0.023 ms - 0[0m
[0mOPTIONS /api/network/suggestions [32m204[0m 0.020 ms - 0[0m
[0mOPTIONS /api/posts/trending [32m204[0m 0.028 ms - 0[0m
[0mOPTIONS /api/organizations/ek-apni-car [32m204[0m 0.036 ms - 0[0m
[0mGET /api/posts/trending [36m304[0m 25.007 ms - -[0m
[0mOPTIONS /api/posts?page=1 [32m204[0m 0.040 ms - 0[0m
[0mOPTIONS /api/posts/saved [32m204[0m 0.040 ms - 0[0m
[0mOPTIONS /api/posts?page=1 [32m204[0m 0.040 ms - 0[0m
[0mOPTIONS /api/posts/saved [32m204[0m 0.036 ms - 0[0m
[0mGET /api/posts/trending [36m304[0m 22.676 ms - -[0m
[0mGET /api/profile/stats [31m500[0m 67.022 ms - 42[0m
[0mGET /api/organizations/mine [36m304[0m 116.047 ms - -[0m
[0mGET /api/notifications [36m304[0m 128.451 ms - -[0m
[0mGET /api/posts/trending [36m304[0m 22.802 ms - -[0m
[0mGET /api/posts/saved [36m304[0m 107.206 ms - -[0m
[0mGET /api/profile/stats [31m500[0m 66.118 ms - 42[0m
[0mGET /api/network/suggestions [36m304[0m 196.508 ms - -[0m
[0mGET /api/posts/trending [36m304[0m 26.317 ms - -[0m
[0mGET /api/notifications [36m304[0m 74.695 ms - -[0m
[0mGET /api/organizations/mine [36m304[0m 110.543 ms - -[0m
[0mGET /api/posts/saved [36m304[0m 87.881 ms - -[0m
[0mGET /api/profile/stats [31m500[0m 69.457 ms - 42[0m
[0mGET /api/posts?page=1 [36m304[0m 265.029 ms - -[0m
[0mGET /api/notifications [36m304[0m 80.738 ms - -[0m
[0mGET /api/organizations/ek-apni-car [32m200[0m 325.289 ms - -[0m
[0mGET /api/network/suggestions [36m304[0m 101.307 ms - -[0m
[0mOPTIONS /api/organizations/6a43f2871aaacc07f8443194/invites [32m204[0m 0.060 ms - 0[0m
[0mGET /api/organizations/mine [36m304[0m 81.464 ms - -[0m
[0mGET /api/profile/stats [31m500[0m 81.918 ms - 42[0m
[0mGET /api/network/suggestions [36m304[0m 50.406 ms - -[0m
[0mGET /api/notifications [36m304[0m 74.022 ms - -[0m
[0mGET /api/organizations/6a43f2871aaacc07f8443194/invites [32m200[0m 59.530 ms - 29[0m
[0mGET /api/organizations/mine [36m304[0m 81.319 ms - -[0m
[0mGET /api/network/suggestions [36m304[0m 49.959 ms - -[0m
[0mGET /api/posts?page=1 [36m304[0m 167.560 ms - -[0m
[0mGET /api/organizations/ek-apni-car [36m304[0m 164.500 ms - -[0m
[0mGET /api/organizations/6a43f2871aaacc07f8443194/invites [36m304[0m 44.254 ms - -[0m
[0mOPTIONS /api/auth/me [32m204[0m 0.158 ms - 0[0m
[0mOPTIONS /api/auth/me [32m204[0m 0.063 ms - 0[0m
[0mGET /api/auth/me [32m200[0m 47.127 ms - -[0m
[0mGET /api/auth/me [36m304[0m 28.137 ms - -[0m
[0mGET /api/auth/me [36m304[0m 28.620 ms - -[0m
[0mGET /api/auth/me [36m304[0m 28.544 ms - -[0m
[0mOPTIONS /api/notifications [32m204[0m 0.072 ms - 0[0m
[0mOPTIONS /api/profile/stats [32m204[0m 0.041 ms - 0[0m
[0mOPTIONS /api/organizations/mine [32m204[0m 0.046 ms - 0[0m
[0mOPTIONS /api/network/suggestions [32m204[0m 0.025 ms - 0[0m
[0mOPTIONS /api/posts/trending [32m204[0m 0.020 ms - 0[0m
[0mOPTIONS /api/organizations/ek-apni-car [32m204[0m 0.017 ms - 0[0m
[0mOPTIONS /api/profile/stats [32m204[0m 0.068 ms - 0[0m
[0mOPTIONS /api/organizations/mine [32m204[0m 0.048 ms - 0[0m
[0mOPTIONS /api/network/suggestions [32m204[0m 0.026 ms - 0[0m
[0mOPTIONS /api/posts/trending [32m204[0m 0.023 ms - 0[0m
[0mOPTIONS /api/organizations/ek-apni-car [32m204[0m 0.018 ms - 0[0m
[0mGET /api/posts/trending [36m304[0m 25.328 ms - -[0m
[0mGET /api/posts/trending [36m304[0m 24.089 ms - -[0m
[0mGET /api/notifications [36m304[0m 72.086 ms - -[0m
[0mGET /api/profile/stats [31m500[0m 66.577 ms - 42[0m
[0mGET /api/organizations/mine [36m304[0m 111.286 ms - -[0m
[0mGET /api/profile/stats [31m500[0m 68.846 ms - 42[0m
[0mGET /api/network/suggestions [36m304[0m 136.867 ms - -[0m
[0mGET /api/organizations/mine [36m304[0m 66.962 ms - -[0m
[0mGET /api/network/suggestions [36m304[0m 49.502 ms - -[0m
[0mGET /api/notifications [36m304[0m 133.954 ms - -[0m
[0mGET /api/organizations/ek-apni-car [36m304[0m 232.126 ms - -[0m
[0mOPTIONS /api/organizations/6a43f2871aaacc07f8443194/invites [32m204[0m 0.089 ms - 0[0m
[0mGET /api/organizations/6a43f2871aaacc07f8443194/invites [36m304[0m 43.811 ms - -[0m
[0mGET /api/organizations/ek-apni-car [36m304[0m 113.964 ms - -[0m
[0mGET /api/organizations/6a43f2871aaacc07f8443194/invites [36m304[0m 43.727 ms - -[0m
[0mOPTIONS /api/posts?page=1 [32m204[0m 0.028 ms - 0[0m
[0mOPTIONS /api/posts/saved [32m204[0m 0.113 ms - 0[0m
[0mGET /api/posts/trending [36m304[0m 22.202 ms - -[0m
[0mGET /api/profile/stats [31m500[0m 66.402 ms - 42[0m
[0mGET /api/notifications [36m304[0m 88.849 ms - -[0m
[0mGET /api/network/suggestions [36m304[0m 86.739 ms - -[0m
[0mGET /api/posts/trending [36m304[0m 23.753 ms - -[0m
[0mGET /api/organizations/mine [36m304[0m 110.770 ms - -[0m
[0mGET /api/posts/saved [36m304[0m 104.825 ms - -[0m
[0mGET /api/profile/stats [31m500[0m 64.360 ms - 42[0m
[0mGET /api/posts/saved [36m304[0m 26.031 ms - -[0m
[0mGET /api/notifications [36m304[0m 73.016 ms - -[0m
[0mGET /api/organizations/mine [36m304[0m 74.932 ms - -[0m
[0mGET /api/posts?page=1 [36m304[0m 266.734 ms - -[0m
[0mGET /api/network/suggestions [36m304[0m 185.900 ms - -[0m
[0mGET /api/posts?page=1 [36m304[0m 395.328 ms - -[0m
[0mOPTIONS /api/auth/me [32m204[0m 0.064 ms - 0[0m
[0mOPTIONS /api/auth/me [32m204[0m 0.066 ms - 0[0m
[0mGET /api/auth/me [32m200[0m 129.858 ms - -[0m
[0mGET /api/auth/me [36m304[0m 47.555 ms - -[0m
[0mGET /api/auth/me [36m304[0m 28.324 ms - -[0m
[0mGET /api/auth/me [36m304[0m 27.753 ms - -[0m
[0mOPTIONS /api/notifications [32m204[0m 0.064 ms - 0[0m
[0mOPTIONS /api/profile/stats [32m204[0m 0.041 ms - 0[0m
[0mOPTIONS /api/organizations/mine [32m204[0m 0.078 ms - 0[0m
[0mOPTIONS /api/network/suggestions [32m204[0m 0.056 ms - 0[0m
[0mOPTIONS /api/posts/trending [32m204[0m 0.043 ms - 0[0m
[0mOPTIONS /api/organizations/ek-apni-car [32m204[0m 0.048 ms - 0[0m
[0mOPTIONS /api/notifications [32m204[0m 0.052 ms - 0[0m
[0mOPTIONS /api/notifications [32m204[0m 0.069 ms - 0[0m
[0mOPTIONS /api/profile/stats [32m204[0m 0.068 ms - 0[0m
[0mOPTIONS /api/organizations/mine [32m204[0m 0.036 ms - 0[0m
[0mOPTIONS /api/network/suggestions [32m204[0m 0.053 ms - 0[0m
[0mOPTIONS /api/profile/stats [32m204[0m 0.027 ms - 0[0m
[0mOPTIONS /api/posts/trending [32m204[0m 0.019 ms - 0[0m
[0mOPTIONS /api/organizations/ek-apni-car [32m204[0m 0.016 ms - 0[0m
[0mOPTIONS /api/organizations/mine [32m204[0m 0.048 ms - 0[0m
[0mOPTIONS /api/network/suggestions [32m204[0m 0.086 ms - 0[0m
[0mOPTIONS /api/posts/trending [32m204[0m 0.026 ms - 0[0m
[0mOPTIONS /api/posts?page=1 [32m204[0m 0.052 ms - 0[0m
[0mOPTIONS /api/posts/saved [32m204[0m 0.041 ms - 0[0m
[0mOPTIONS /api/posts?page=1 [32m204[0m 0.035 ms - 0[0m
[0mOPTIONS /api/posts/saved [32m204[0m 0.029 ms - 0[0m
[0mGET /api/posts/trending [36m304[0m 23.197 ms - -[0m
[0mGET /api/profile/stats [31m500[0m 65.746 ms - 42[0m
[0mGET /api/notifications [36m304[0m 89.757 ms - -[0m
[0mGET /api/posts/trending [36m304[0m 22.804 ms - -[0m
[0mGET /api/organizations/mine [36m304[0m 109.236 ms - -[0m
[0mGET /api/network/suggestions [36m304[0m 131.535 ms - -[0m
[0mGET /api/posts/trending [36m304[0m 22.478 ms - -[0m
[0mGET /api/posts/saved [36m304[0m 106.058 ms - -[0m
[0mGET /api/profile/stats [31m500[0m 65.423 ms - 42[0m
[0mGET /api/notifications [36m304[0m 74.067 ms - -[0m
[0mGET /api/posts/trending [36m304[0m 24.760 ms - -[0m
[0mGET /api/organizations/ek-apni-car [36m304[0m 228.973 ms - -[0m
[0mGET /api/network/suggestions [36m304[0m 91.778 ms - -[0m
[0mGET /api/profile/stats [31m500[0m 69.711 ms - 42[0m
[0mOPTIONS /api/organizations/6a43f2871aaacc07f8443194/invites [32m204[0m 0.077 ms - 0[0m
[0mGET /api/organizations/mine [36m304[0m 118.751 ms - -[0m
[0mGET /api/posts/saved [36m304[0m 109.341 ms - -[0m
[0mGET /api/posts?page=1 [36m304[0m 317.663 ms - -[0m
[0mGET /api/organizations/6a43f2871aaacc07f8443194/invites [36m304[0m 70.982 ms - -[0m
[0mGET /api/profile/stats [31m500[0m 96.631 ms - 42[0m
[0mGET /api/notifications [36m304[0m 141.933 ms - -[0m
[0mGET /api/network/suggestions [36m304[0m 107.807 ms - -[0m
[0mGET /api/organizations/ek-apni-car [36m304[0m 155.842 ms - -[0m
[0mGET /api/organizations/mine [36m304[0m 69.147 ms - -[0m
[0mGET /api/network/suggestions [36m304[0m 50.685 ms - -[0m
[0mGET /api/notifications [36m304[0m 74.786 ms - -[0m
[0mGET /api/organizations/6a43f2871aaacc07f8443194/invites [36m304[0m 47.318 ms - -[0m
[0mGET /api/posts?page=1 [36m304[0m 204.942 ms - -[0m
[0mGET /api/organizations/mine [36m304[0m 105.353 ms - -[0m
[0mOPTIONS /api/notifications [32m204[0m 0.120 ms - 0[0m
[0mOPTIONS /api/notifications [32m204[0m 0.087 ms - 0[0m
[0mGET /api/notifications [36m304[0m 134.591 ms - -[0m
[0mGET /api/notifications [36m304[0m 72.641 ms - -[0m
[0mOPTIONS /api/notifications [32m204[0m 0.058 ms - 0[0m
[0mOPTIONS /api/notifications [32m204[0m 0.073 ms - 0[0m
[0mGET /api/notifications [36m304[0m 132.824 ms - -[0m
[0mGET /api/notifications [36m304[0m 70.532 ms - -[0m
[0mOPTIONS /api/notifications [32m204[0m 0.075 ms - 0[0m
[0mOPTIONS /api/notifications [32m204[0m 0.054 ms - 0[0m
[0mGET /api/notifications [36m304[0m 135.432 ms - -[0m
[0mGET /api/notifications [36m304[0m 70.490 ms - -[0m
[0mOPTIONS /api/notifications [32m204[0m 0.244 ms - 0[0m
[0mOPTIONS /api/notifications [32m204[0m 0.093 ms - 0[0m
[0mOPTIONS /api/posts/trending [32m204[0m 0.091 ms - 0[0m
[0mOPTIONS /api/posts/trending [32m204[0m 0.079 ms - 0[0m
[0mGET /api/posts/trending [36m304[0m 24.494 ms - -[0m
[0mGET /api/notifications [36m304[0m 143.578 ms - -[0m
[0mGET /api/posts/trending [36m304[0m 23.767 ms - -[0m
[0mGET /api/notifications [36m304[0m 140.165 ms - -[0m
[0mOPTIONS /api/notifications [32m204[0m 0.157 ms - 0[0m
[0mOPTIONS /api/notifications [32m204[0m 0.039 ms - 0[0m
[0mGET /api/notifications [36m304[0m 134.462 ms - -[0m
[0mGET /api/notifications [36m304[0m 70.355 ms - -[0m
[0mOPTIONS /api/notifications [32m204[0m 0.071 ms - 0[0m
[0mOPTIONS /api/notifications [32m204[0m 0.042 ms - 0[0m
[0mGET /api/notifications [36m304[0m 136.802 ms - -[0m
[0mGET /api/notifications [36m304[0m 71.103 ms - -[0m
[0mOPTIONS /api/notifications [32m204[0m 0.125 ms - 0[0m
[0mOPTIONS /api/notifications [32m204[0m 0.028 ms - 0[0m
[0mGET /api/notifications [36m304[0m 136.673 ms - -[0m
[0mGET /api/notifications [36m304[0m 72.277 ms - -[0m
[0mOPTIONS /api/posts/trending [32m204[0m 0.052 ms - 0[0m
[0mOPTIONS /api/notifications [32m204[0m 0.048 ms - 0[0m
[0mOPTIONS /api/posts/trending [32m204[0m 0.026 ms - 0[0m
[0mGET /api/posts/trending [36m304[0m 24.044 ms - -[0m
[0mGET /api/posts/trending [36m304[0m 23.635 ms - -[0m
[0mGET /api/notifications [36m304[0m 133.045 ms - -[0m
[0mOPTIONS /api/notifications [32m204[0m 0.049 ms - 0[0m
[0mOPTIONS /api/notifications [32m204[0m 0.034 ms - 0[0m
[0mGET /api/notifications [36m304[0m 132.943 ms - -[0m
[0mGET /api/notifications [36m304[0m 72.121 ms - -[0m
[0mOPTIONS /api/notifications [32m204[0m 0.055 ms - 0[0m
[0mGET /api/notifications [36m304[0m 135.734 ms - -[0m
[0mOPTIONS /api/notifications [32m204[0m 0.098 ms - 0[0m
[0mOPTIONS /api/notifications [32m204[0m 0.034 ms - 0[0m
[0mGET /api/notifications [36m304[0m 138.945 ms - -[0m
[0mGET /api/notifications [36m304[0m 72.191 ms - -[0m
